This is pdfTeX, Version 3.141592653-2.6-1.40.24 (TeX Live 2022) (preloaded format=pdflatex 2022.8.19)  21 AUG 2022 21:42
entering extended mode
 restricted \write18 enabled.
 %&-line parsing enabled.
**_main.tex
(./_main.tex
LaTeX2e <2022-06-01> patch level 5
L3 programming layer <2022-08-05> (c:/Users/lukas/AppData/Roaming/TinyTeX/texmf-dist/tex/latex/base/article.cls
Document Class: article 2021/10/04 v1.4n Standard LaTeX document class
(c:/Users/lukas/AppData/Roaming/TinyTeX/texmf-dist/tex/latex/base/size12.clo
File: size12.clo 2021/10/04 v1.4n Standard LaTeX file (size option)
)
\c@part=\count185
\c@section=\count186
\c@subsection=\count187
\c@subsubsection=\count188
\c@paragraph=\count189
\c@subparagraph=\count190
\c@figure=\count191
\c@table=\count192
\abovecaptionskip=\skip47
\belowcaptionskip=\skip48
\bibindent=\dimen138
) (c:/Users/lukas/AppData/Roaming/TinyTeX/texmf-dist/tex/latex/amsmath/amsmath.sty
Package: amsmath 2022/04/08 v2.17n AMS math features
\@mathmargin=\skip49
For additional information on amsmath, use the `?' option.
(c:/Users/lukas/AppData/Roaming/TinyTeX/texmf-dist/tex/latex/amsmath/amstext.sty
Package: amstext 2021/08/26 v2.01 AMS text
(c:/Users/lukas/AppData/Roaming/TinyTeX/texmf-dist/tex/latex/amsmath/amsgen.sty
File: amsgen.sty 1999/11/30 v2.0 generic functions
\@emptytoks=\toks16
\ex@=\dimen139
)) (c:/Users/lukas/AppData/Roaming/TinyTeX/texmf-dist/tex/latex/amsmath/amsbsy.sty
Package: amsbsy 1999/11/29 v1.2d Bold Symbols
\pmbraise@=\dimen140
) (c:/Users/lukas/AppData/Roaming/TinyTeX/texmf-dist/tex/latex/amsmath/amsopn.sty
Package: amsopn 2022/04/08 v2.04 operator names
)
\inf@bad=\count193
LaTeX Info: Redefining \frac on input line 234.
\uproot@=\count194
\leftroot@=\count195
LaTeX Info: Redefining \overline on input line 399.
LaTeX Info: Redefining \colon on input line 410.
\classnum@=\count196
\DOTSCASE@=\count197
LaTeX Info: Redefining \ldots on input line 496.
LaTeX Info: Redefining \dots on input line 499.
LaTeX Info: Redefining \cdots on input line 620.
\Mathstrutbox@=\box51
\strutbox@=\box52
LaTeX Info: Redefining \big on input line 722.
LaTeX Info: Redefining \Big on input line 723.
LaTeX Info: Redefining \bigg on input line 724.
LaTeX Info: Redefining \Bigg on input line 725.
\big@size=\dimen141
LaTeX Font Info:    Redeclaring font encoding OML on input line 743.
LaTeX Font Info:    Redeclaring font encoding OMS on input line 744.
\macc@depth=\count198
LaTeX Info: Redefining \bmod on input line 905.
LaTeX Info: Redefining \pmod on input line 910.
LaTeX Info: Redefining \smash on input line 940.
LaTeX Info: Redefining \relbar on input line 970.
LaTeX Info: Redefining \Relbar on input line 971.
\c@MaxMatrixCols=\count199
\dotsspace@=\muskip16
\c@parentequation=\count266
\dspbrk@lvl=\count267
\tag@help=\toks17
\row@=\count268
\column@=\count269
\maxfields@=\count270
\andhelp@=\toks18
\eqnshift@=\dimen142
\alignsep@=\dimen143
\tagshift@=\dimen144
\tagwidth@=\dimen145
\totwidth@=\dimen146
\lineht@=\dimen147
\@envbody=\toks19
\multlinegap=\skip50
\multlinetaggap=\skip51
\mathdisplay@stack=\toks20
LaTeX Info: Redefining \[ on input line 2953.
LaTeX Info: Redefining \] on input line 2954.
) (c:/Users/lukas/AppData/Roaming/TinyTeX/texmf-dist/tex/latex/amsfonts/amssymb.sty
Package: amssymb 2013/01/14 v3.01 AMS font symbols
(c:/Users/lukas/AppData/Roaming/TinyTeX/texmf-dist/tex/latex/amsfonts/amsfonts.sty
Package: amsfonts 2013/01/14 v3.01 Basic AMSFonts support
\symAMSa=\mathgroup4
\symAMSb=\mathgroup5
LaTeX Font Info:    Redeclaring math symbol \hbar on input line 98.
LaTeX Font Info:    Overwriting math alphabet `\mathfrak' in version `bold'
(Font)                  U/euf/m/n --> U/euf/b/n on input line 106.
)) (c:/Users/lukas/AppData/Roaming/TinyTeX/texmf-dist/tex/latex/lm/lmodern.sty
Package: lmodern 2015/05/01 v1.6.1 Latin Modern Fonts
LaTeX Font Info:    Overwriting symbol font `operators' in version `normal'
(Font)                  OT1/cmr/m/n --> OT1/lmr/m/n on input line 22.
LaTeX Font Info:    Overwriting symbol font `letters' in version `normal'
(Font)                  OML/cmm/m/it --> OML/lmm/m/it on input line 23.
LaTeX Font Info:    Overwriting symbol font `symbols' in version `normal'
(Font)                  OMS/cmsy/m/n --> OMS/lmsy/m/n on input line 24.
LaTeX Font Info:    Overwriting symbol font `largesymbols' in version `normal'
(Font)                  OMX/cmex/m/n --> OMX/lmex/m/n on input line 25.
LaTeX Font Info:    Overwriting symbol font `operators' in version `bold'
(Font)                  OT1/cmr/bx/n --> OT1/lmr/bx/n on input line 26.
LaTeX Font Info:    Overwriting symbol font `letters' in version `bold'
(Font)                  OML/cmm/b/it --> OML/lmm/b/it on input line 27.
LaTeX Font Info:    Overwriting symbol font `symbols' in version `bold'
(Font)                  OMS/cmsy/b/n --> OMS/lmsy/b/n on input line 28.
LaTeX Font Info:    Overwriting symbol font `largesymbols' in version `bold'
(Font)                  OMX/cmex/m/n --> OMX/lmex/m/n on input line 29.
LaTeX Font Info:    Overwriting math alphabet `\mathbf' in version `normal'
(Font)                  OT1/cmr/bx/n --> OT1/lmr/bx/n on input line 31.
LaTeX Font Info:    Overwriting math alphabet `\mathsf' in version `normal'
(Font)                  OT1/cmss/m/n --> OT1/lmss/m/n on input line 32.
LaTeX Font Info:    Overwriting math alphabet `\mathit' in version `normal'
(Font)                  OT1/cmr/m/it --> OT1/lmr/m/it on input line 33.
LaTeX Font Info:    Overwriting math alphabet `\mathtt' in version `normal'
(Font)                  OT1/cmtt/m/n --> OT1/lmtt/m/n on input line 34.
LaTeX Font Info:    Overwriting math alphabet `\mathbf' in version `bold'
(Font)                  OT1/cmr/bx/n --> OT1/lmr/bx/n on input line 35.
LaTeX Font Info:    Overwriting math alphabet `\mathsf' in version `bold'
(Font)                  OT1/cmss/bx/n --> OT1/lmss/bx/n on input line 36.
LaTeX Font Info:    Overwriting math alphabet `\mathit' in version `bold'
(Font)                  OT1/cmr/bx/it --> OT1/lmr/bx/it on input line 37.
LaTeX Font Info:    Overwriting math alphabet `\mathtt' in version `bold'
(Font)                  OT1/cmtt/m/n --> OT1/lmtt/m/n on input line 38.
) (c:/Users/lukas/AppData/Roaming/TinyTeX/texmf-dist/tex/latex/setspace/setspace.sty
Package: setspace 2011/12/19 v6.7a set line spacing
) (c:/Users/lukas/AppData/Roaming/TinyTeX/texmf-dist/tex/generic/iftex/iftex.sty
Package: iftex 2022/02/03 v1.0f TeX engine tests
) (c:/Users/lukas/AppData/Roaming/TinyTeX/texmf-dist/tex/latex/base/fontenc.sty
Package: fontenc 2021/04/29 v2.0v Standard LaTeX package
LaTeX Font Info:    Trying to load font information for T1+lmr on input line 112.
(c:/Users/lukas/AppData/Roaming/TinyTeX/texmf-dist/tex/latex/lm/t1lmr.fd
File: t1lmr.fd 2015/05/01 v1.6.1 Font defs for Latin Modern
)) (c:/Users/lukas/AppData/Roaming/TinyTeX/texmf-dist/tex/latex/base/inputenc.sty
Package: inputenc 2021/02/14 v1.3d Input encoding file
\inpenc@prehook=\toks21
\inpenc@posthook=\toks22
) (c:/Users/lukas/AppData/Roaming/TinyTeX/texmf-dist/tex/latex/base/textcomp.sty
Package: textcomp 2020/02/02 v2.0n Standard LaTeX package
) (c:/Users/lukas/AppData/Roaming/TinyTeX/texmf-dist/tex/latex/xcolor/xcolor.sty
Package: xcolor 2022/06/12 v2.14 LaTeX color extensions (UK)
(c:/Users/lukas/AppData/Roaming/TinyTeX/texmf-dist/tex/latex/graphics-cfg/color.cfg
File: color.cfg 2016/01/02 v1.6 sample color configuration
)
Package xcolor Info: Driver file: pdftex.def on input line 227.
(c:/Users/lukas/AppData/Roaming/TinyTeX/texmf-dist/tex/latex/graphics-def/pdftex.def
File: pdftex.def 2020/10/05 v1.2a Graphics/color driver for pdftex
) (c:/Users/lukas/AppData/Roaming/TinyTeX/texmf-dist/tex/latex/graphics/mathcolor.ltx)
Package xcolor Info: Model `cmy' substituted by `cmy0' on input line 1353.
Package xcolor Info: Model `hsb' substituted by `rgb' on input line 1357.
Package xcolor Info: Model `RGB' extended on input line 1369.
Package xcolor Info: Model `HTML' substituted by `rgb' on input line 1371.
Package xcolor Info: Model `Hsb' substituted by `hsb' on input line 1372.
Package xcolor Info: Model `tHsb' substituted by `hsb' on input line 1373.
Package xcolor Info: Model `HSB' substituted by `hsb' on input line 1374.
Package xcolor Info: Model `Gray' substituted by `gray' on input line 1375.
Package xcolor Info: Model `wave' substituted by `hsb' on input line 1376.
) (c:/Users/lukas/AppData/Roaming/TinyTeX/texmf-dist/tex/latex/geometry/geometry.sty
Package: geometry 2020/01/02 v5.9 Page Geometry
(c:/Users/lukas/AppData/Roaming/TinyTeX/texmf-dist/tex/latex/graphics/keyval.sty
Package: keyval 2022/05/29 v1.15 key=value parser (DPC)
\KV@toks@=\toks23
) (c:/Users/lukas/AppData/Roaming/TinyTeX/texmf-dist/tex/generic/iftex/ifvtex.sty
Package: ifvtex 2019/10/25 v1.7 ifvtex legacy package. Use iftex instead.
)
\Gm@cnth=\count271
\Gm@cntv=\count272
\c@Gm@tempcnt=\count273
\Gm@bindingoffset=\dimen148
\Gm@wd@mp=\dimen149
\Gm@odd@mp=\dimen150
\Gm@even@mp=\dimen151
\Gm@layoutwidth=\dimen152
\Gm@layoutheight=\dimen153
\Gm@layouthoffset=\dimen154
\Gm@layoutvoffset=\dimen155
\Gm@dimlist=\toks24
) (c:/Users/lukas/AppData/Roaming/TinyTeX/texmf-dist/tex/latex/tools/longtable.sty
Package: longtable 2021-09-01 v4.17 Multi-page Table package (DPC)
\LTleft=\skip52
\LTright=\skip53
\LTpre=\skip54
\LTpost=\skip55
\LTchunksize=\count274
\LTcapwidth=\dimen156
\LT@head=\box53
\LT@firsthead=\box54
\LT@foot=\box55
\LT@lastfoot=\box56
\LT@gbox=\box57
\LT@cols=\count275
\LT@rows=\count276
\c@LT@tables=\count277
\c@LT@chunks=\count278
\LT@p@ftn=\toks25
) (c:/Users/lukas/AppData/Roaming/TinyTeX/texmf-dist/tex/latex/booktabs/booktabs.sty
Package: booktabs 2020/01/12 v1.61803398 Publication quality tables
\heavyrulewidth=\dimen157
\lightrulewidth=\dimen158
\cmidrulewidth=\dimen159
\belowrulesep=\dimen160
\belowbottomsep=\dimen161
\aboverulesep=\dimen162
\abovetopsep=\dimen163
\cmidrulesep=\dimen164
\cmidrulekern=\dimen165
\defaultaddspace=\dimen166
\@cmidla=\count279
\@cmidlb=\count280
\@aboverulesep=\dimen167
\@belowrulesep=\dimen168
\@thisruleclass=\count281
\@lastruleclass=\count282
\@thisrulewidth=\dimen169
) (c:/Users/lukas/AppData/Roaming/TinyTeX/texmf-dist/tex/latex/tools/array.sty
Package: array 2022/03/10 v2.5f Tabular extension package (FMi)
\col@sep=\dimen170
\ar@mcellbox=\box58
\extrarowheight=\dimen171
\NC@list=\toks26
\extratabsurround=\skip56
\backup@length=\skip57
\ar@cellbox=\box59
) (c:/Users/lukas/AppData/Roaming/TinyTeX/texmf-dist/tex/latex/tools/calc.sty
Package: calc 2017/05/25 v4.3 Infix arithmetic (KKT,FJ)
\calc@Acount=\count283
\calc@Bcount=\count284
\calc@Adimen=\dimen172
\calc@Bdimen=\dimen173
\calc@Askip=\skip58
\calc@Bskip=\skip59
LaTeX Info: Redefining \setlength on input line 80.
LaTeX Info: Redefining \addtolength on input line 81.
\calc@Ccount=\count285
\calc@Cskip=\skip60
) (c:/Users/lukas/AppData/Roaming/TinyTeX/texmf-dist/tex/latex/etoolbox/etoolbox.sty
Package: etoolbox 2020/10/05 v2.5k e-TeX tools for LaTeX (JAW)
\etb@tempcnta=\count286
) (c:/Users/lukas/AppData/Roaming/TinyTeX/texmf-dist/tex/latex/mdwtools/footnote.sty
Package: footnote 1997/01/28 1.13 Save footnotes around boxes
\fn@notes=\box60
\fn@width=\dimen174
) (c:/Users/lukas/AppData/Roaming/TinyTeX/texmf-dist/tex/latex/graphics/graphicx.sty
Package: graphicx 2021/09/16 v1.2d Enhanced LaTeX Graphics (DPC,SPQR)
(c:/Users/lukas/AppData/Roaming/TinyTeX/texmf-dist/tex/latex/graphics/graphics.sty
Package: graphics 2022/03/10 v1.4e Standard LaTeX Graphics (DPC,SPQR)
(c:/Users/lukas/AppData/Roaming/TinyTeX/texmf-dist/tex/latex/graphics/trig.sty
Package: trig 2021/08/11 v1.11 sin cos tan (DPC)
) (c:/Users/lukas/AppData/Roaming/TinyTeX/texmf-dist/tex/latex/graphics-cfg/graphics.cfg
File: graphics.cfg 2016/06/04 v1.11 sample graphics configuration
)
Package graphics Info: Driver file: pdftex.def on input line 107.
)
\Gin@req@height=\dimen175
\Gin@req@width=\dimen176
)
\cslhangindent=\skip61
\csllabelwidth=\skip62
\cslentryspacingunit=\skip63
(c:/Users/lukas/AppData/Roaming/TinyTeX/texmf-dist/tex/latex/placeins/placeins.sty
Package: placeins 2005/04/18  v 2.2
) (c:/Users/lukas/AppData/Roaming/TinyTeX/texmf-dist/tex/latex/chngcntr/chngcntr.sty
Package: chngcntr 2018/04/09 v1.1a change counter resetting
Package chngcntr Info: \counterwithout already defined.
(chngcntr)             Quitting chngcntr on input line 21.
) (c:/Users/lukas/AppData/Roaming/TinyTeX/texmf-dist/tex/latex/hyphenat/hyphenat.sty
Package: hyphenat 2009/09/02 v2.3c hyphenation utilities
\langwohyphens=\language6
LaTeX Info: Redefining \_ on input line 43.
) (c:/Users/lukas/AppData/Roaming/TinyTeX/texmf-dist/tex/generic/babel/babel.sty
Package: babel 2022/07/20 3.78 The Babel package
\babel@savecnt=\count287
\U@D=\dimen177
\l@unhyphenated=\language7
(c:/Users/lukas/AppData/Roaming/TinyTeX/texmf-dist/tex/generic/babel/txtbabel.def)
\bbl@readstream=\read2
\bbl@dirlevel=\count288
(c:/Users/lukas/AppData/Roaming/TinyTeX/texmf-dist/tex/generic/babel-german/ngerman.ldf
Language: ngerman 2021/02/27 v2.13 German support for babel (post-1996 orthography)
(c:/Users/lukas/AppData/Roaming/TinyTeX/texmf-dist/tex/generic/babel-german/ngermanb.ldf
Language: ngermanb 2021/02/27 v2.13 German support for babel (post-1996 orthography)
Package babel Info: Making " an active character on input line 122.
))) (c:/Users/lukas/AppData/Roaming/TinyTeX/texmf-dist/tex/generic/babel/locale/de/babel-ngerman.tex
Package babel Info: Importing font and identification data for ngerman
(babel)             from babel-de.ini. Reported on input line 11.
) (c:/Users/lukas/AppData/Roaming/TinyTeX/texmf-dist/tex/latex/titling/titling.sty
Package: titling 2009/09/04 v2.1d maketitle typesetting
\thanksmarkwidth=\skip64
\thanksmargin=\skip65
\droptitle=\skip66
) (c:/Users/lukas/AppData/Roaming/TinyTeX/texmf-dist/tex/latex/multirow/multirow.sty
Package: multirow 2021/03/15 v2.8 Span multiple rows of a table
\multirow@colwidth=\skip67
\multirow@cntb=\count289
\multirow@dima=\skip68
\bigstrutjot=\dimen178
) (c:/Users/lukas/AppData/Roaming/TinyTeX/texmf-dist/tex/latex/wrapfig/wrapfig.sty
\wrapoverhang=\dimen179
\WF@size=\dimen180
\c@WF@wrappedlines=\count290
\WF@box=\box61
\WF@everypar=\toks27
Package: wrapfig 2003/01/31  v 3.6
) (c:/Users/lukas/AppData/Roaming/TinyTeX/texmf-dist/tex/latex/float/float.sty
Package: float 2001/11/08 v1.3d Float enhancements (AL)
\c@float@type=\count291
\float@exts=\toks28
\float@box=\box62
\@float@everytoks=\toks29
\@floatcapt=\box63
) (c:/Users/lukas/AppData/Roaming/TinyTeX/texmf-dist/tex/latex/colortbl/colortbl.sty
Package: colortbl 2022/06/20 v1.0f Color table columns (DPC)
\everycr=\toks30
\minrowclearance=\skip69
\rownum=\count292
) (c:/Users/lukas/AppData/Roaming/TinyTeX/texmf-dist/tex/latex/pdflscape/pdflscape.sty
Package: pdflscape 2019/12/05 v0.12 Display of landscape pages in PDF (HO)
(c:/Users/lukas/AppData/Roaming/TinyTeX/texmf-dist/tex/latex/graphics/lscape.sty
Package: lscape 2020/05/28 v3.02 Landscape Pages (DPC)
)
Package pdflscape Info: Auto-detected driver: pdftex on input line 81.
) (c:/Users/lukas/AppData/Roaming/TinyTeX/texmf-dist/tex/latex/tabu/tabu.sty
Package: tabu 2019/01/11 v2.9 - flexible LaTeX tabulars (FC+tabu-fixed)
(c:/Users/lukas/AppData/Roaming/TinyTeX/texmf-dist/tex/latex/varwidth/varwidth.sty
Package: varwidth 2009/03/30 ver 0.92;  Variable-width minipages
\@vwid@box=\box64
\sift@deathcycles=\count293
\@vwid@loff=\dimen181
\@vwid@roff=\dimen182
)
\c@taburow=\count294
\tabu@nbcols=\count295
\tabu@cnt=\count296
\tabu@Xcol=\count297
\tabu@alloc=\count298
\tabu@nested=\count299
\tabu@target=\dimen183
\tabu@spreadtarget=\dimen184
\tabu@naturalX=\dimen185
\tabucolX=\dimen186
\tabu@Xsum=\dimen187
\extrarowdepth=\dimen188
\abovetabulinesep=\dimen189
\belowtabulinesep=\dimen190
\tabustrutrule=\dimen191
\tabu@thebody=\toks31
\tabu@footnotes=\toks32
\tabu@box=\box65
\tabu@arstrutbox=\box66
\tabu@hleads=\box67
\tabu@vleads=\box68
\tabu@cellskip=\skip70
) (c:/Users/lukas/AppData/Roaming/TinyTeX/texmf-dist/tex/latex/threeparttable/threeparttable.sty
Package: threeparttable 2003/06/13  v 3.0
\@tempboxb=\box69
) (c:/Users/lukas/AppData/Roaming/TinyTeX/texmf-dist/tex/latex/threeparttablex/threeparttablex.sty
Package: threeparttablex 2013/07/23 v0.3 by daleif
(c:/Users/lukas/AppData/Roaming/TinyTeX/texmf-dist/tex/latex/environ/environ.sty
Package: environ 2014/05/04 v0.3 A new way to define environments
(c:/Users/lukas/AppData/Roaming/TinyTeX/texmf-dist/tex/latex/trimspaces/trimspaces.sty
Package: trimspaces 2009/09/17 v1.1 Trim spaces around a token list
))
\TPTL@width=\skip71
) (c:/Users/lukas/AppData/Roaming/TinyTeX/texmf-dist/tex/generic/ulem/ulem.sty
\UL@box=\box70
\UL@hyphenbox=\box71
\UL@skip=\skip72
\UL@hook=\toks33
\UL@height=\dimen192
\UL@pe=\count300
\UL@pixel=\dimen193
\ULC@box=\box72
Package: ulem 2019/11/18
\ULdepth=\dimen194
) (c:/Users/lukas/AppData/Roaming/TinyTeX/texmf-dist/tex/latex/makecell/makecell.sty
Package: makecell 2009/08/03 V0.1e Managing of Tab Column Heads and Cells
\rotheadsize=\dimen195
\c@nlinenum=\count301
\TeXr@lab=\toks34
) (c:/Users/lukas/AppData/Roaming/TinyTeX/texmf-dist/tex/latex/hyperref/hyperref.sty
Package: hyperref 2022-06-20 v7.00s Hypertext links for LaTeX
(c:/Users/lukas/AppData/Roaming/TinyTeX/texmf-dist/tex/generic/ltxcmds/ltxcmds.sty
Package: ltxcmds 2020-05-10 v1.25 LaTeX kernel commands for general use (HO)
) (c:/Users/lukas/AppData/Roaming/TinyTeX/texmf-dist/tex/generic/pdftexcmds/pdftexcmds.sty
Package: pdftexcmds 2020-06-27 v0.33 Utility functions of pdfTeX for LuaTeX (HO)
(c:/Users/lukas/AppData/Roaming/TinyTeX/texmf-dist/tex/generic/infwarerr/infwarerr.sty
Package: infwarerr 2019/12/03 v1.5 Providing info/warning/error messages (HO)
)
Package pdftexcmds Info: \pdf@primitive is available.
Package pdftexcmds Info: \pdf@ifprimitive is available.
Package pdftexcmds Info: \pdfdraftmode found.
) (c:/Users/lukas/AppData/Roaming/TinyTeX/texmf-dist/tex/generic/kvsetkeys/kvsetkeys.sty
Package: kvsetkeys 2019/12/15 v1.18 Key value parser (HO)
) (c:/Users/lukas/AppData/Roaming/TinyTeX/texmf-dist/tex/generic/kvdefinekeys/kvdefinekeys.sty
Package: kvdefinekeys 2019-12-19 v1.6 Define keys (HO)
) (c:/Users/lukas/AppData/Roaming/TinyTeX/texmf-dist/tex/generic/pdfescape/pdfescape.sty
Package: pdfescape 2019/12/09 v1.15 Implements pdfTeX's escape features (HO)
) (c:/Users/lukas/AppData/Roaming/TinyTeX/texmf-dist/tex/latex/hycolor/hycolor.sty
Package: hycolor 2020-01-27 v1.10 Color options for hyperref/bookmark (HO)
) (c:/Users/lukas/AppData/Roaming/TinyTeX/texmf-dist/tex/latex/letltxmacro/letltxmacro.sty
Package: letltxmacro 2019/12/03 v1.6 Let assignment for LaTeX macros (HO)
) (c:/Users/lukas/AppData/Roaming/TinyTeX/texmf-dist/tex/latex/auxhook/auxhook.sty
Package: auxhook 2019-12-17 v1.6 Hooks for auxiliary files (HO)
) (c:/Users/lukas/AppData/Roaming/TinyTeX/texmf-dist/tex/latex/hyperref/nameref.sty
Package: nameref 2022-05-17 v2.50 Cross-referencing by name of section
(c:/Users/lukas/AppData/Roaming/TinyTeX/texmf-dist/tex/latex/refcount/refcount.sty
Package: refcount 2019/12/15 v3.6 Data extraction from label references (HO)
) (c:/Users/lukas/AppData/Roaming/TinyTeX/texmf-dist/tex/generic/gettitlestring/gettitlestring.sty
Package: gettitlestring 2019/12/15 v1.6 Cleanup title references (HO)
(c:/Users/lukas/AppData/Roaming/TinyTeX/texmf-dist/tex/latex/kvoptions/kvoptions.sty
Package: kvoptions 2022-06-15 v3.15 Key value format for package options (HO)
))
\c@section@level=\count302
)
\@linkdim=\dimen196
\Hy@linkcounter=\count303
\Hy@pagecounter=\count304
(c:/Users/lukas/AppData/Roaming/TinyTeX/texmf-dist/tex/latex/hyperref/pd1enc.def
File: pd1enc.def 2022-06-20 v7.00s Hyperref: PDFDocEncoding definition (HO)
Now handling font encoding PD1 ...
... no UTF-8 mapping file for font encoding PD1
) (c:/Users/lukas/AppData/Roaming/TinyTeX/texmf-dist/tex/generic/intcalc/intcalc.sty
Package: intcalc 2019/12/15 v1.3 Expandable calculations with integers (HO)
) (c:/Users/lukas/AppData/Roaming/TinyTeX/texmf-dist/tex/generic/etexcmds/etexcmds.sty
Package: etexcmds 2019/12/15 v1.7 Avoid name clashes with e-TeX commands (HO)
)
\Hy@SavedSpaceFactor=\count305
(c:/Users/lukas/AppData/Roaming/TinyTeX/texmf-dist/tex/latex/hyperref/puenc.def
File: puenc.def 2022-06-20 v7.00s Hyperref: PDF Unicode definition (HO)
Now handling font encoding PU ...
... no UTF-8 mapping file for font encoding PU
)
Package hyperref Info: Option `unicode' set `true' on input line 4045.
Package hyperref Info: Hyper figures OFF on input line 4162.
Package hyperref Info: Link nesting OFF on input line 4167.
Package hyperref Info: Hyper index ON on input line 4170.
Package hyperref Info: Plain pages OFF on input line 4177.
Package hyperref Info: Backreferencing OFF on input line 4182.
Package hyperref Info: Implicit mode ON; LaTeX internals redefined.
Package hyperref Info: Bookmarks ON on input line 4408.
\c@Hy@tempcnt=\count306
(c:/Users/lukas/AppData/Roaming/TinyTeX/texmf-dist/tex/latex/url/url.sty
\Urlmuskip=\muskip17
Package: url 2013/09/16  ver 3.4  Verb mode for urls, etc.
)
LaTeX Info: Redefining \url on input line 4746.
\XeTeXLinkMargin=\dimen197
(c:/Users/lukas/AppData/Roaming/TinyTeX/texmf-dist/tex/generic/bitset/bitset.sty
Package: bitset 2019/12/09 v1.3 Handle bit-vector datatype (HO)
(c:/Users/lukas/AppData/Roaming/TinyTeX/texmf-dist/tex/generic/bigintcalc/bigintcalc.sty
Package: bigintcalc 2019/12/15 v1.5 Expandable calculations on big integers (HO)
))
\Fld@menulength=\count307
\Field@Width=\dimen198
\Fld@charsize=\dimen199
Package hyperref Info: Hyper figures OFF on input line 6024.
Package hyperref Info: Link nesting OFF on input line 6029.
Package hyperref Info: Hyper index ON on input line 6032.
Package hyperref Info: backreferencing OFF on input line 6039.
Package hyperref Info: Link coloring OFF on input line 6044.
Package hyperref Info: Link coloring with OCG OFF on input line 6049.
Package hyperref Info: PDF/A mode OFF on input line 6054.
(c:/Users/lukas/AppData/Roaming/TinyTeX/texmf-dist/tex/latex/base/atbegshi-ltx.sty
Package: atbegshi-ltx 2021/01/10 v1.0c Emulation of the original atbegshi
package with kernel methods
)
\Hy@abspage=\count308
\c@Item=\count309
\c@Hfootnote=\count310
)
Package hyperref Info: Driver (autodetected): hpdftex.
(c:/Users/lukas/AppData/Roaming/TinyTeX/texmf-dist/tex/latex/hyperref/hpdftex.def
File: hpdftex.def 2022-06-20 v7.00s Hyperref driver for pdfTeX
(c:/Users/lukas/AppData/Roaming/TinyTeX/texmf-dist/tex/latex/base/atveryend-ltx.sty
Package: atveryend-ltx 2020/08/19 v1.0a Emulation of the original atveryend package
with kernel methods
)
\Fld@listcount=\count311
\c@bookmark@seq@number=\count312
(c:/Users/lukas/AppData/Roaming/TinyTeX/texmf-dist/tex/latex/rerunfilecheck/rerunfilecheck.sty
Package: rerunfilecheck 2022-07-10 v1.10 Rerun checks for auxiliary files (HO)
(c:/Users/lukas/AppData/Roaming/TinyTeX/texmf-dist/tex/generic/uniquecounter/uniquecounter.sty
Package: uniquecounter 2019/12/15 v1.4 Provide unlimited unique counter (HO)
)
Package uniquecounter Info: New unique counter `rerunfilecheck' on input line 285.
)
\Hy@SectionHShift=\skip73
) (c:/Users/lukas/AppData/Roaming/TinyTeX/texmf-dist/tex/latex/l3backend/l3backend-pdftex.def
File: l3backend-pdftex.def 2022-08-05 L3 backend support: PDF output (pdfTeX)
\l__color_backend_stack_int=\count313
\l__pdf_internal_box=\box73
) (./_main.aux

LaTeX Warning: Label `tab:unnamed-chunk-2' multiply defined.


LaTeX Warning: Label `tab:unnamed-chunk-2' multiply defined.


LaTeX Warning: Label `tab:unnamed-chunk-2' multiply defined.

)
\openout1 = `_main.aux'.

LaTeX Font Info:    Checking defaults for OML/cmm/m/it on input line 132.
LaTeX Font Info:    ... okay on input line 132.
LaTeX Font Info:    Checking defaults for OMS/cmsy/m/n on input line 132.
LaTeX Font Info:    ... okay on input line 132.
LaTeX Font Info:    Checking defaults for OT1/cmr/m/n on input line 132.
LaTeX Font Info:    ... okay on input line 132.
LaTeX Font Info:    Checking defaults for T1/cmr/m/n on input line 132.
LaTeX Font Info:    ... okay on input line 132.
LaTeX Font Info:    Checking defaults for TS1/cmr/m/n on input line 132.
LaTeX Font Info:    ... okay on input line 132.
LaTeX Font Info:    Checking defaults for OMX/cmex/m/n on input line 132.
LaTeX Font Info:    ... okay on input line 132.
LaTeX Font Info:    Checking defaults for U/cmr/m/n on input line 132.
LaTeX Font Info:    ... okay on input line 132.
LaTeX Font Info:    Checking defaults for PD1/pdf/m/n on input line 132.
LaTeX Font Info:    ... okay on input line 132.
LaTeX Font Info:    Checking defaults for PU/pdf/m/n on input line 132.
LaTeX Font Info:    ... okay on input line 132.
(c:/Users/lukas/AppData/Roaming/TinyTeX/texmf-dist/tex/latex/epstopdf-pkg/epstopdf-base.sty
Package: epstopdf-base 2020-01-24 v2.11 Base part for package epstopdf
Package epstopdf-base Info: Redefining graphics rule for `.eps' on input line 485.
(c:/Users/lukas/AppData/Roaming/TinyTeX/texmf-dist/tex/latex/latexconfig/epstopdf-sys.cfg
File: epstopdf-sys.cfg 2010/07/13 v1.3 Configuration of (r)epstopdf for TeX Live
))
*geometry* driver: auto-detecting
*geometry* detected driver: pdftex
*geometry* verbose mode - [ preamble ] result:
* driver: pdftex
* paper: <default>
* layout: <same size as paper>
* layoutoffset:(h,v)=(0.0pt,0.0pt)
* modes: twoside 
* h-part:(L,W,R)=(113.81102pt, 415.12572pt, 85.35826pt)
* v-part:(T,H,B)=(71.13188pt, 652.70622pt, 71.13188pt)
* \paperwidth=614.295pt
* \paperheight=794.96999pt
* \textwidth=415.12572pt
* \textheight=652.70622pt
* \oddsidemargin=41.54103pt
* \evensidemargin=13.08827pt
* \topmargin=-38.1381pt
* \headheight=12.0pt
* \headsep=25.0pt
* \topskip=12.0pt
* \footskip=30.0pt
* \marginparwidth=95.0pt
* \marginparsep=10.0pt
* \columnsep=10.0pt
* \skip\footins=10.8pt plus 4.0pt minus 2.0pt
* \hoffset=0.0pt
* \voffset=0.0pt
* \mag=1000
* \@twocolumnfalse
* \@twosidetrue
* \@mparswitchtrue
* \@reversemarginfalse
* (1in=72.27pt=25.4mm, 1cm=28.453pt)

Package hyperref Info: Link coloring OFF on input line 132.
(./_main.out) (./_main.out)
\@outlinefile=\write3
\openout3 = `_main.out'.

<data/Logo_Universitaet_Luzern.pdf, id=160, 376.40625pt x 383.32462pt>
File: data/Logo_Universitaet_Luzern.pdf Graphic file (type pdf)
<use data/Logo_Universitaet_Luzern.pdf>
Package pdftex.def Info: data/Logo_Universitaet_Luzern.pdf  used on input line 169.
(pdftex.def)             Requested size: 223.51936pt x 227.62767pt.
[1

{c:/Users/lukas/AppData/Roaming/TinyTeX/texmf-var/fonts/map/pdftex/updmap/pdftex.map} <./data/Logo_Universitaet_Luzern.pdf>] (./_main.toc
LaTeX Font Info:    Trying to load font information for OT1+lmr on input line 4.
(c:/Users/lukas/AppData/Roaming/TinyTeX/texmf-dist/tex/latex/lm/ot1lmr.fd
File: ot1lmr.fd 2015/05/01 v1.6.1 Font defs for Latin Modern
)
LaTeX Font Info:    Trying to load font information for OML+lmm on input line 4.
(c:/Users/lukas/AppData/Roaming/TinyTeX/texmf-dist/tex/latex/lm/omllmm.fd
File: omllmm.fd 2015/05/01 v1.6.1 Font defs for Latin Modern
)
LaTeX Font Info:    Trying to load font information for OMS+lmsy on input line 4.
(c:/Users/lukas/AppData/Roaming/TinyTeX/texmf-dist/tex/latex/lm/omslmsy.fd
File: omslmsy.fd 2015/05/01 v1.6.1 Font defs for Latin Modern
)
LaTeX Font Info:    Trying to load font information for OMX+lmex on input line 4.
(c:/Users/lukas/AppData/Roaming/TinyTeX/texmf-dist/tex/latex/lm/omxlmex.fd
File: omxlmex.fd 2015/05/01 v1.6.1 Font defs for Latin Modern
)
LaTeX Font Info:    External font `lmex10' loaded for size
(Font)              <12> on input line 4.
LaTeX Font Info:    External font `lmex10' loaded for size
(Font)              <8> on input line 4.
LaTeX Font Info:    External font `lmex10' loaded for size
(Font)              <6> on input line 4.
LaTeX Font Info:    Trying to load font information for U+msa on input line 4.
(c:/Users/lukas/AppData/Roaming/TinyTeX/texmf-dist/tex/latex/amsfonts/umsa.fd
File: umsa.fd 2013/01/14 v3.01 AMS symbols A
)
LaTeX Font Info:    Trying to load font information for U+msb on input line 4.
(c:/Users/lukas/AppData/Roaming/TinyTeX/texmf-dist/tex/latex/amsfonts/umsb.fd
File: umsb.fd 2013/01/14 v3.01 AMS symbols B
) [2])
\tf@toc=\write4
\openout4 = `_main.toc'.

(./_main.lof)
\tf@lof=\write5
\openout5 = `_main.lof'.

(./_main.lot
Underfull \hbox (badness 10000) in paragraph at lines 2--2
 [][] [][]\T1/lmr/m/n/12 Die Ar-beits-zeit-be-stim-mun-gen der wich-tigs-ten kan-to-na-len 
 []

)
\tf@lot=\write6
\openout6 = `_main.lot'.

[3] [4]
LaTeX Font Info:    External font `lmex10' loaded for size
(Font)              <10> on input line 194.
LaTeX Font Info:    External font `lmex10' loaded for size
(Font)              <7> on input line 194.
LaTeX Font Info:    External font `lmex10' loaded for size
(Font)              <5> on input line 194.

Underfull \hbox (badness 1194) in paragraph at lines 194--194
\T1/lmr/m/n/10 Uni-ver-si-tät Lu-zern wird da-bei ent-we-der der Gen-ders-tern (*) oder der Gen-d-er-gap (_-)
 []


Underfull \hbox (badness 1005) in paragraph at lines 194--194
\T1/lmr/m/n/10 die Ver-wen-dung des Gen-ders-terns emp-foh-len ([]$https : / / www . b^^\t -[] bund . de / DE / Publikation /
 []


Underfull \hbox (badness 10000) in paragraph at lines 194--194
\T1/lmr/m/n/10 empfehlung -[] gendergerechte -[] digital -[] barrierefreie -[] sprache -[] studie -[] koehler -[] wahl . html ; jsessionid =
 []


Underfull \hbox (badness 10000) in paragraph at lines 194--194
\T1/lmr/m/n/10 2D40C8605C5689662F44F17493A28EAD ? nn = 1199124 # doc1230362bodyText33$[]). Da die
 []

[5]
Underfull \hbox (badness 1810) in paragraph at lines 196--196
[][][]\T1/lmr/m/n/10 In der In-itia-ti-ve 98.447 for-dert Renn-wald die Ar-beits-zeit-be-gren-zung auf 32 -- 36
 []


Underfull \hbox (badness 4846) in paragraph at lines 196--196
\T1/lmr/m/n/10 Stun-den pro Wo-che bei vol-lem Lohn-aus-gleich für Löh-ne un-ter (1.5x tiefer) dem
 []


Underfull \hbox (badness 1132) in paragraph at lines 196--196
\T1/lmr/m/n/10 durch-schnitt-li-chen Brut-to-ein-kom-men []$https : / / www . parlament . ch / de / ratsbetrieb / suche -[] curia -[]
 []


Underfull \hbox (badness 10000) in paragraph at lines 196--196
[][][][]$\T1/lmr/m/n/10 https : / / www . forbes . com / sites / annakaplan / 2022 / 02 / 15 / belgium -[] becomes -[] latest -[] country -[]
 []


Underfull \hbox (badness 4886) in paragraph at lines 196--196
[][][]\T1/lmr/m/n/10 Siehe da-zu die Dis-kus-sio-nen in Deutsch-land: []$https : / / www . zeit . de / arbeit / 2022 -[] 06 /
 []

[6]
Underfull \hbox (badness 6741) in paragraph at lines 198--199
\T1/lmr/m/n/12 Dies soll durch die Ana-ly-sen von ver-gan-ge-nen Ar-beits-zeit-dis-kus-sio-nen
 []


Underfull \hbox (badness 5008) in paragraph at lines 198--199
\T1/lmr/m/n/12 in der Schweiz er-reicht wer-den. Da-für wer-den zwei com-pu-ter-ge-stütz-te
 []


Underfull \hbox (badness 1389) in paragraph at lines 198--199
\T1/lmr/m/n/12 Text-ana-ly-sen durch-ge-führt. Das Ziel ist die ex-plo-ra-ti-ve Un-ter-su-chung der
 []


Underfull \hbox (badness 3724) in paragraph at lines 198--199
\T1/lmr/m/n/12 Mit-glie-der-kom-mu-ni-ka-ti-on von zwei Ver-hand-lungs-par-tei-en, die mass-ge-blich
 []

[7]
Underfull \hbox (badness 3942) in paragraph at lines 205--207
\T1/lmr/m/n/12 Diese Mas-ter-ar-beit be-schäf-tigt sich mit der De-bat-te um die bis-he-ri-ge
 []


Underfull \hbox (badness 2165) in paragraph at lines 205--207
\T1/lmr/m/n/12 Ar-beits-zeit-ver-kür-zung in der Schweiz. Aus be-reits er-wähn-ten Grün-den --
 []


Underfull \hbox (badness 2119) in paragraph at lines 205--207
\T1/lmr/m/n/12 den po-li-ti-schen Ver-hand-lun-gen zwi-schen den in-vol-vier-ten Or-ga-ni-sa-tio-nen.[][][]
 []


Underfull \hbox (badness 3849) in paragraph at lines 205--207
\T1/lmr/m/n/12 Sel-te-ner mit-ein-be-zo-gen wur-de die Kom-mu-ni-ka-ti-on der Ord-nungs-fak-to-ren
 []


Overfull \hbox (21.1195pt too wide) in paragraph at lines 205--207
\T1/lmr/m/n/12 Ar-beit-ge-ber:innenverband \T1/lmr/m/it/12 Zen-tral-ver-band Schwei-ze-ri-scher Arbeitgeber-Organisationen
 []

[8]
Underfull \hbox (badness 1831) in paragraph at lines 208--209
\T1/lmr/m/n/12 Ent-schei-dun-gen für kol-lek-ti-ve Pro-ble-me zu er-rei-chen oder zu ver-hin-dern.
 []


Underfull \hbox (badness 1253) in paragraph at lines 208--209
\T1/lmr/m/n/12 kön-nen und zu-sätz-lich neue Mit-glie-der ge-win-nen kön-nen (Mit-glie-der-lo-gik).
 []


Underfull \hbox (badness 3375) in paragraph at lines 208--209
\T1/lmr/m/n/12 den Zweck und die po-li-ti-sche Ak-ti-vi-tät re-kru-tiert wer-den müs-sen. Bei
 []


Underfull \hbox (badness 10000) in paragraph at lines 208--209
\T1/lmr/m/n/12 den Ar-beit-ge-ber:innenverbänden funk-tio-nie-ren die Mit-glie-der meist als
 []

[9]
Underfull \hbox (badness 4673) in paragraph at lines 210--212
[]\T1/lmr/m/n/12 Die An-zahl der Mit-glie-der bei den Ar-beit-neh-mer:innenverbänden, auch
 []


Underfull \hbox (badness 3826) in paragraph at lines 210--212
\T1/lmr/m/n/12 Jah-ren sind die Mit-glied-schaf-ten in den Nach-bar-län-dern zwi-schen 25%
 []


Underfull \hbox (badness 2865) in paragraph at lines 210--212
\T1/lmr/m/n/12 durch die er-fass-ten Ar-beit-neh-mer:innen be-stimmt ([]Gal-la-ti 1976, S. 27[]).
 []


Underfull \hbox (badness 1205) in paragraph at lines 210--212
\T1/lmr/m/n/12 der Ba-sis und der ^^Reli-tär-en`` Füh-rung in den Ge-werk-schaf-ten ([]Kauf-mann
 []


Underfull \hbox (badness 1199) in paragraph at lines 210--212
\T1/lmr/m/n/12 un-ter an-de-rem bei der fi-nan-zi-el-len Un-ter-stüt-zung der Gip-ser:innenbetriebe
 []


Underfull \hbox (badness 1824) in paragraph at lines 210--212
\T1/lmr/m/n/12 Un-ter-neh-men wird sich wahr-schein-lich auch auf den Ver-band über-tra-gen
 []


Underfull \hbox (badness 2119) in paragraph at lines 210--212
\T1/lmr/m/n/12 las-sen, so-lan-ge der Ver-band die wich-ti-gen po-li-ti-schen Zie-le er-reicht. Bei
 []


Underfull \hbox (badness 1178) in paragraph at lines 210--212
\T1/lmr/m/n/12 kei-nen Hin-weis auf Fi-nan-zie-rungs-pro-ble-me, heu-te sieht dies je-doch an-ders
 []


Underfull \hbox (badness 1838) in paragraph at lines 210--212
\T1/lmr/m/n/12 die Arbeitgeber:innen- wie auch die Ar-beit-neh-mer:innenverbände mit den
 []

[10] [11]
Underfull \hbox (badness 5893) in paragraph at lines 213--214
[]\T1/lmr/m/n/12 Als Grund-la-ge für die Ana-ly-se wer-den die Mit-glie-der-zeit-schrif-ten des
 []

[12]
Underfull \hbox (badness 1199) in paragraph at lines 224--225
\T1/lmr/m/n/12 für ei-ne Ar-beits-zeit-ver-kür-zung steht, ist die Vier-ta-ge-wo-che. Die-ser Be-griff
 []


Underfull \hbox (badness 2452) in paragraph at lines 224--225
\T1/lmr/m/n/12 at-trak-ti-ver-er Ar-beits-ver-hält-nis-se ge-nutzt wer-den, oh-ne die Ar-beits-zeit zu
 []

[13]
Underfull \hbox (badness 1688) in paragraph at lines 228--230
[]\T1/lmr/m/n/12 Aber nicht nur der Be-griff Ar-beits-zeit-ver-kür-zung ist un-ein-deu-tig. Be-reits
 []

[14]

LaTeX Warning: Command \" invalid in math mode on input line 231.


Overfull \hbox (76.44675pt too wide) detected at line 231
\OML/lmm/m/it/12 nominelleArbeitszeit \OT1/lmr/m/n/12 = \OML/lmm/m/it/12 produktive \OT1/lmr/m/n/12 + \OML/lmm/m/it/12 Pausen \OT1/lmr/m/n/12 + \OML/lmm/m/it/12 Krankheitszeit \OT1/lmr/m/n/12 + \OML/lmm/m/it/12 nichtproduktive \OT1/lmr/m/n/12 + Ü\OML/lmm/m/it/12 berstunden
 []

[15]
Overfull \hbox (89.90944pt too wide) detected at line 235
\OML/lmm/m/it/12 echteFreizeit \OT1/lmr/m/n/12 = 24\OML/lmm/m/it/12 h \OMS/lmsy/m/n/12 ^^@ \OT1/lmr/m/n/12 (\OML/lmm/m/it/12 nominelleArbeitszeit \OT1/lmr/m/n/12 + \OML/lmm/m/it/12 Erholungszeit \OT1/lmr/m/n/12 + \OML/lmm/m/it/12 Schlaf \OT1/lmr/m/n/12 + \OML/lmm/m/it/12 Freizeitverpflichtungen\OT1/lmr/m/n/12 )
 []


Underfull \hbox (badness 1888) in paragraph at lines 239--240
[]\T1/lmr/m/n/12 Die Ar-beits-zeit kann mit un-ter-schied-li-chen Zeit-an-ga-ben nor-miert wer-den.
 []


Overfull \hbox (6.69817pt too wide) in paragraph at lines 239--240
\T1/lmr/m/n/12 Ta-ges-ar-beits-zei-ten ge-spro-chen. Zu Be-ginn der Dis-kus-si-on um Ar-beits-zeit-ver-kür-zung
 []

[16]
Underfull \hbox (badness 10000) in paragraph at lines 243--244
[]\T1/lmr/m/it/12 ``Mit dem Ver-lust ei-ner ge-mein-sa-men Be-zugs-grö-ÿe für die
 []


Underfull \hbox (badness 8170) in paragraph at lines 243--244
\T1/lmr/m/it/12 Ar-ti-ku-la-ti-on von Ar-beits-zei-t-in-ter-es-sen könn-ten sich schlieÿ-lich
 []


Underfull \hbox (badness 1033) in paragraph at lines 248--249
\T1/lmr/m/n/12 um die Fe-ri-en und den Lohn ge-führt wor-den. Die Ana-ly-se die-ser bei-den
 []


Overfull \hbox (23.65923pt too wide) in paragraph at lines 250--251
[]\T1/lmr/m/n/12 Bei der Dis-kus-si-on des Loh-nes gibt es einen Be-griff, der bei der Ar-beits-zeit-ver-kür-zun-gen
 []


Underfull \hbox (badness 2261) in paragraph at lines 252--253
[]\T1/lmr/m/n/12 Zusammenfassend lässt sich sa-gen, dass es für die Be-grif-fe Lohn- bzw.
 []


Underfull \hbox (badness 1460) in paragraph at lines 252--253
\T1/lmr/m/n/12 Er-werbs-ar-beit und Ar-beits-zeit kei-ne ein-heit-li-che De-fi-ni-ti-on gibt. Auch im
 []


Underfull \hbox (badness 1515) in paragraph at lines 252--253
\T1/lmr/m/n/12 Ar-beits-zeit-ver-kür-zung \T1/lmr/m/it/12 die Ver-kür-zung der ge-setz-lich fest-ge-leg-ten ma-xi-ma-len
 []


Underfull \hbox (badness 10000) in paragraph at lines 252--253
\T1/lmr/m/it/12 wö-chent-li-chen Nor-ma-l-ar-beits-zeit mit zu-min-dest ei-nem Teil-lohn-aus-gleich
 []


Underfull \hbox (badness 2617) in paragraph at lines 257--258
\T1/lmr/m/n/12 wich-tigs-ten Dach-or-ga-ni-sa-tio-nen war der Schwei-ze-ri-sche Ge-werk-schafts-bund
 []


Underfull \hbox (badness 5862) in paragraph at lines 257--258
\T1/lmr/m/n/12 (SGB). Vie-le Ge-werk-schafts-ver-bän-de wa-ren Teil des SGB. Nach dem
 []


Underfull \hbox (badness 2418) in paragraph at lines 257--258
\T1/lmr/m/n/12 Zwei-ten Welt-krieg wa-ren dies un-ter an-de-rem der \T1/lmr/m/it/12 Schwei-ze-ri-sche Metall-
 []


Underfull \hbox (badness 5050) in paragraph at lines 257--258
\T1/lmr/m/it/12 und Uh-ren-ar-bei-ter-ver-band (SMUV) \T1/lmr/m/n/12 oder der \T1/lmr/m/it/12 Schwei-ze-ri-sche Textil- und
 []


Underfull \hbox (badness 1668) in paragraph at lines 257--258
\T1/lmr/m/it/12 Fa-brik-ar-bei-ter-ver-band (STFV)\T1/lmr/m/n/12 . Aber auch der \T1/lmr/m/it/12 Schwei-ze-ri-sche Ver-band des
 []


Underfull \hbox (badness 2698) in paragraph at lines 257--258
\T1/lmr/m/it/12 Per-so-nals öf-fent-li-cher Diens-te (VPOD)\T1/lmr/m/n/12 , der heut-zu-ta-ge zu den gröss-ten
 []


Underfull \hbox (badness 1983) in paragraph at lines 257--258
\T1/lmr/m/n/12 und Be-trie-be (rund 100'000 Mit-glie-der) auch Mit-glie-der ei-nes Ver-ban-des
 []

[17]
Overfull \hbox (34.01631pt too wide) in paragraph at lines 259--261
[]\T1/lmr/m/n/12 Neben dem SGB gab es noch wei-te-re Ver-bun-de, die sich zwar der Ar-bei-ter:innenbewegung
 []


Underfull \hbox (badness 10000) in paragraph at lines 259--261
\T1/lmr/m/n/12 be-zeich-ne-ten Min-der-heits-ge-werk-schaf-ten wa-ren der \T1/lmr/m/it/12 Christlich-Nationale
 []


Underfull \hbox (badness 10000) in paragraph at lines 259--261
\T1/lmr/m/it/12 Ge-werk-schafts-bund (CNG)\T1/lmr/m/n/12 , der \T1/lmr/m/it/12 Schwei-ze-ri-sche Ver-band Evan-ge-li-scher
 []


Underfull \hbox (badness 2111) in paragraph at lines 262--263
[]\T1/lmr/m/n/12 Eine Zu-sam-men-ar-beit zwi-schen den Min-der-heits-ge-werk-schaf-ten, dem VSA
 []

[18]
Overfull \hbox (77.03148pt too wide) in paragraph at lines 264--265
\T1/lmr/m/it/12 Handels- und In-dus-trie-ver-ein (SHIV)\T1/lmr/m/n/12 , \T1/lmr/m/it/12 Zen-tral-ver-band schwei-ze-ri-scher Arbeitgeber-Organisationen
 []


Underfull \hbox (badness 1509) in paragraph at lines 264--265
\T1/lmr/m/it/12 (ZSAO)\T1/lmr/m/n/12 , \T1/lmr/m/it/12 Schwei-ze-ri-scher Ge-wer-be-ver-band (SGV) \T1/lmr/m/n/12 und dem \T1/lmr/m/it/12 Schwei-ze-ri-schen
 []


Underfull \hbox (badness 1436) in paragraph at lines 264--265
\T1/lmr/m/it/12 Bau-ern-ver-band (SBV)\T1/lmr/m/n/12 . Der wich-tigs-te Ver-band für die po-li-ti-sche Stel-lung
 []


Underfull \hbox (badness 1168) in paragraph at lines 264--265
\T1/lmr/m/n/12 ge-grün-det wur-de. Der Aus-tausch zwi-schen den Ar-beit-ge-ber:innenverbänden
 []


Underfull \hbox (badness 1648) in paragraph at lines 271--272
\T1/lmr/m/n/12 über die Ar-beit in In-dus-trie, Ge-wer-be und Han-del (Ar-beits-ge-setz). Ei-ne
 []

[19]
Underfull \hbox (badness 2351) in paragraph at lines 278--280
\T1/lmr/m/n/12 Fa-brik-mit-ar-bei-ten-den und Kin-dern aus-ge-rich-tet. Für einen Über-blick der
 []


Underfull \hbox (badness 10000) in paragraph at lines 282--282
[]\T1/lmr/m/n/12 Tabelle 2.1: []Die Ar-beits-zeit-be-stim-mun-gen der
 []


Overfull \hbox (0.88469pt too wide) in paragraph at lines 284--284
\T1/lmr/m/n/12 Fa-brik-ar-beit 
 []


Overfull \hbox (9.20993pt too wide) in paragraph at lines 284--284
\T1/lmr/m/n/12 vollen-de-ten... 
 []


Overfull \hbox (9.11026pt too wide) in paragraph at lines 284--284
\T1/lmr/m/n/12 Dau-er-stun-den|  
 []


Overfull \hbox (32.45006pt too wide) in alignment at lines 281--286
 [] [] [] [] [] [] 
 []


Underfull \hbox (badness 10000) in paragraph at lines 287--287
[]\T1/lmr/m/n/12 Tabelle 2.1: []Die Ar-beits-zeit-be-stim-mun-gen der
 []


Underfull \hbox (badness 10000) in paragraph at lines 287--287
\T1/lmr/m/n/12 wich-tigs-ten kan-to-na-len Fa-brik-ge-set-ze bis 1874
 []


Overfull \hbox (0.88469pt too wide) in paragraph at lines 289--289
\T1/lmr/m/n/12 Fa-brik-ar-beit 
 []


Overfull \hbox (9.20993pt too wide) in paragraph at lines 289--289
\T1/lmr/m/n/12 vollen-de-ten... 
 []


Overfull \hbox (9.11026pt too wide) in paragraph at lines 289--289
\T1/lmr/m/n/12 Dau-er-stun-den|  
 []


Overfull \hbox (32.45006pt too wide) in alignment at lines 286--291
 [] [] [] [] [] [] 
 []


Overfull \hbox (32.45006pt too wide) in alignment at lines 291--293
 [] [] [] [] [] [] 
 []


Overfull \hbox (32.45006pt too wide) in alignment at lines 293--295
 [] [] [] [] [] [] 
 []


Overfull \hbox (5.61621pt too wide) in paragraph at lines 296--297
\T1/lmr/m/n/12 Kon-fir-ma-ti-on 
 []


Overfull \hbox (5.61621pt too wide) in paragraph at lines 297--298
\T1/lmr/m/n/12 Kon-fir-ma-ti-on|  
 []


Overfull \hbox (3.40018pt too wide) in paragraph at lines 309--309
[]|\T1/lmr/m/n/12 Schaffhausen 
 []


Overfull \hbox (3.40018pt too wide) in paragraph at lines 310--310
[]|\T1/lmr/m/n/12 Schaffhausen 
 []


Overfull \hbox (3.40018pt too wide) in paragraph at lines 322--322
[]|\T1/lmr/m/n/12 Schaffhausen 
 []


Overfull \hbox (3.40018pt too wide) in paragraph at lines 323--323
[]|\T1/lmr/m/n/12 Schaffhausen 
 []


Overfull \hbox (32.45006pt too wide) in alignment at lines 295--325
 [] [] [] [] [] [] 
 []

[20] [21] [22] [23]
Underfull \hbox (badness 1917) in paragraph at lines 327--328
[]\T1/lmr/m/n/12 Nach der Ver-fas-sun-gre-vi-si-on von 1874 war es auch dem Bund mög-lich,
 []


Underfull \hbox (badness 1259) in paragraph at lines 329--330
\T1/lmr/m/n/12 Ge-set-zes-vor-ga-ben schliess-lich um-ge-setzt wer-den konn-ten, kam es aus-ge-löst
 []

[24] [25]
Underfull \hbox (badness 1874) in paragraph at lines 333--334
\T1/lmr/m/n/12 Bau und Be-trieb von Ei-sen-bah-nen in Kraft. In die-sem Ge-setz war die
 []


Underfull \hbox (badness 1152) in paragraph at lines 333--334
\T1/lmr/m/n/12 re-gel-te die nor-ma-le täg-li-che Ar-beits-zeit auf 12 Stun-den (72 Stun-den pro
 []


Underfull \hbox (badness 1152) in paragraph at lines 337--338
\T1/lmr/m/n/12 9 Ziff. 1 Lit. a) fest-ge-legt. Für al-le üb-ri-gen Ar-beit-neh-mer:innen war die
 []

[26]
Underfull \hbox (badness 3138) in paragraph at lines 342--343
\T1/lmr/m/n/12 di-rek-ten Ver-bän-den und von Ar-beit-neh-mer:innenverbänden un-ter-schrie-ben
 []

LaTeX Font Info:    Trying to load font information for TS1+lmr on input line 349.
(c:/Users/lukas/AppData/Roaming/TinyTeX/texmf-dist/tex/latex/lm/ts1lmr.fd
File: ts1lmr.fd 2015/05/01 v1.6.1 Font defs for Latin Modern
)
Underfull \hbox (badness 3482) in paragraph at lines 360--361
\T1/lmr/m/n/12 mach-bar. Die Ar-beit-neh-mer:innen ih-rer-seits be-fürch-te-ten einen Still-stand
 []

[27]
Underfull \hbox (badness 1917) in paragraph at lines 365--366
\T1/lmr/m/n/12 ar-beits-zeit-po-li-ti-schen Stil``, der vor al-lem durch ei-ne star-ke Dis-zi-plin im
 []


Underfull \hbox (badness 2197) in paragraph at lines 365--366
\T1/lmr/m/n/12 Ar-beits-ver-hält-nis und der Be-rück-sich-ti-gung der volks-wirt-schaft-li-chen La-ge
 []


Underfull \hbox (badness 2012) in paragraph at lines 365--366
\T1/lmr/m/n/12 Re-duk-ti-on der Nor-ma-l-ar-beits-zeit. Bei der Ein-füh-rung des Ar-beits-ge-set-zes
 []


Underfull \hbox (badness 2608) in paragraph at lines 365--366
\T1/lmr/m/n/12 lag die durch-schnitt-li-che Ar-beits-zeit in der In-dus-trie bei 44.8 Stun-den.
 []

[28]
Underfull \hbox (badness 1642) in paragraph at lines 367--368
\T1/lmr/m/n/12 zur Zeit sei-ner Ein-füh-rung ei-nes der ar-beit-neh-mer:innenfreundlichsten der
 []


Underfull \hbox (badness 3343) in paragraph at lines 367--368
\T1/lmr/m/n/12 Fa-brik-ge-set-zes nach dem Lan-des-s-treik von 1918 wur-de ei-ne pro-gres-si-ve
 []


Underfull \hbox (badness 7030) in paragraph at lines 372--373
\T1/lmr/m/n/12 Die Be-ach-tung der ver-schie-de-nen Kon-junk-tur-pha-sen oder ge-ne-rell der
 []

[29]
Underfull \hbox (badness 7133) in paragraph at lines 377--378
\T1/lmr/m/it/12 das Pro-duk-ti-ons-vo-lu-men so-wie die Hö-he der Lohn-sät-ze, der
 []


Underfull \hbox (badness 10000) in paragraph at lines 377--378
\T1/lmr/m/it/12 Un-ter-neh-mer-ge-win-ne und der Real-ein-kom-men die wich-tigs-ten
 []


Overfull \hbox (23.668pt too wide) in paragraph at lines 382--383
\T1/lmr/m/n/12 bes-ten ver-kraft-bar ist. Bei ei-nem Auf-schwung ist der Wil-le, die Pro-duk-ti-vi-täts-ein-bus-sen
 []


Underfull \hbox (badness 1127) in paragraph at lines 382--383
\T1/lmr/m/n/12 Sicht. Je we-ni-ger der Hö-he-punkt der Kon-junk-tur zu-rück-liegt, de-sto mehr
 []

[30]
Underfull \hbox (badness 1043) in paragraph at lines 384--385
\T1/lmr/m/n/12 der Wirt-schafts-wis-sen-schaf-ten. Ge-ra-de aus so-zio-lo-gi-scher Per-spek-ti-ve ist es
 []

[31]
Underfull \hbox (badness 1845) in paragraph at lines 386--387
\T1/lmr/m/n/12 Ar-beits-zeit-ver-hand-lun-gen zu-vor-kom-men und erst wenn der Lohn auf der
 []


Underfull \hbox (badness 1102) in paragraph at lines 386--387
\T1/lmr/m/n/12 Ar-beits-zeit-re-duk-ti-on den Lohn zu er-hö-hen. Die Re-duk-ti-on der Ar-beits-zeit
 []

[32]
Underfull \hbox (badness 5388) in paragraph at lines 393--394
\T1/lmr/m/n/12 De-bat-te ist Ar-beits-frie-den ei-ne spe-zi-el-le Ei-gen-schaft der schwei-ze-ri-sche
 []


Underfull \hbox (badness 5607) in paragraph at lines 393--394
\T1/lmr/m/n/12 Ar-beits-recht-ver-hand-lun-gen. Die-se Aus-prä-gung des Ar-beits-frie-dens ist in
 []

[33]
Underfull \hbox (badness 4967) in paragraph at lines 403--404
[]\T1/lmr/m/n/12 Ein wich-ti-ger Punkt in der Ent-wick-lung des Ar-beits-frie-dens war das
 []


Underfull \hbox (badness 4168) in paragraph at lines 403--404
\T1/lmr/m/n/12 so-ge-nann-te Frie-dens-ab-kom-men von 1937. In die-sem Jahr schlos-sen die
 []


Overfull \hbox (8.9751pt too wide) in paragraph at lines 403--404
\T1/lmr/m/n/12 Ar-beit-neh-mer:innenverbände der Me-tall-in-dus-trie (un-ter an-de-rem der Schwei-ze-ri-sche
 []


Underfull \hbox (badness 5504) in paragraph at lines 403--404
\T1/lmr/m/n/12 Metall- und Uh-ren-ar-bei-ter-ver-band SMUV) und der Ar-beit-ge-ber-ver-band
 []


Underfull \hbox (badness 3000) in paragraph at lines 403--404
\T1/lmr/m/n/12 schwei-ze-ri-scher Maschinen- und Me-tall-in-dus-tri-el-ler ASM zu-sam-men einen
 []


Underfull \hbox (badness 2103) in paragraph at lines 403--404
\T1/lmr/m/n/12 in der Ver-gan-gen-heit eher ver-fein-det wa-ren. Grund für die-ses plötz-li-che
 []


Underfull \hbox (badness 1622) in paragraph at lines 403--404
\T1/lmr/m/n/12 ein-ge-nom-men, nur bei Pro-ble-men zwi-schen den Ver-bän-den schritt er als
 []

[34]
Overfull \hbox (12.53444pt too wide) in paragraph at lines 415--415
 \T1/lmr/m/n/12 Ar-beits-kämp-fe|
 []


Overfull \hbox (8.55234pt too wide) in paragraph at lines 415--415
 \T1/lmr/m/n/12 Ar-beit-neh-mer|
 []


Overfull \hbox (12.34286pt too wide) in paragraph at lines 434--435
\T1/lmr/m/n/12 Ty-pen. In Ös-ter-reich und Deutsch-land sind es eher fried-li-che Ar-beits-markt-stra-te-gi-en,
 []


Underfull \hbox (badness 2600) in paragraph at lines 434--435
\T1/lmr/m/n/12 ver-brei-tet sind. Gal-la-ti be-schreibt in die-sem Zu-sam-men-hang die Län-der
 []

[35]
<_main_files/figure-latex/unnamed-chunk-4-1.pdf, id=575, 469.755pt x 325.215pt>
File: _main_files/figure-latex/unnamed-chunk-4-1.pdf Graphic file (type pdf)
<use _main_files/figure-latex/unnamed-chunk-4-1.pdf>
Package pdftex.def Info: _main_files/figure-latex/unnamed-chunk-4-1.pdf  used on input line 438.
(pdftex.def)             Requested size: 415.12747pt x 287.39594pt.
[36 <./_main_files/figure-latex/unnamed-chunk-4-1.pdf>]
<_main_files/figure-latex/unnamed-chunk-5-1.pdf, id=588, 469.755pt x 325.215pt>
File: _main_files/figure-latex/unnamed-chunk-5-1.pdf Graphic file (type pdf)
<use _main_files/figure-latex/unnamed-chunk-5-1.pdf>
Package pdftex.def Info: _main_files/figure-latex/unnamed-chunk-5-1.pdf  used on input line 446.
(pdftex.def)             Requested size: 415.12747pt x 287.39594pt.

Underfull \hbox (badness 3657) in paragraph at lines 455--456
\T1/lmr/m/n/12 Die Fra-gen rund um die Volks-wirt-schaft, die Kon-junk-tur-la-ge und das
 []


Underfull \hbox (badness 1048) in paragraph at lines 455--456
\T1/lmr/m/n/12 Frie-dens-ab-kom-men ha-ben den Dis-kurs im Par-la-ment, dem Bun-des-rat und
 []

[37 <./_main_files/figure-latex/unnamed-chunk-5-1.pdf>]
Underfull \hbox (badness 1448) in paragraph at lines 463--464
\T1/lmr/m/it/12 ih-ren je spe-zi-fi-schen Po-si-tio-nie-run-gen zu in-ter-es-sie-ren wie auch
 []


Underfull \hbox (badness 7362) in paragraph at lines 468--469
[]\T1/lmr/m/n/12 Damir Sken-de-ro-vic schreibt, wie die spä-te-re Ge-schichts-schrei-bung der
 []


Underfull \hbox (badness 1087) in paragraph at lines 468--469
\T1/lmr/m/n/12 1960er-Jahre von Be-dro-hungs-ängs-ten der ak-tu-el-len Zeit be-ein-flusst wor-den
 []


Underfull \hbox (badness 1502) in paragraph at lines 468--469
\T1/lmr/m/n/12 ([]Po-g-lia Mi-le-ti 2019, S. 63f[].). Kri-ti-siert wird auch aus wel-cher Sicht die
 []


Underfull \hbox (badness 1194) in paragraph at lines 468--469
\T1/lmr/m/n/12 und po-li-ti-schen De-bat-ten ge-nom-men hät-ten. Hier do-mi-niert ein Bild von
 []

[38]
Underfull \hbox (badness 2302) in paragraph at lines 470--471
\T1/lmr/m/n/12 zu ver-bes-sern. Der ita-lie-ni-sche Ar-beits-mi-nis-ter Fio-ren-ti-no Sullo reis-te in
 []

[39]
Underfull \hbox (badness 1728) in paragraph at lines 472--474
[]\T1/lmr/m/n/12 Der Ge-werk-schafts-bund kri-ti-sier-te zwar die schlech-ten Ar-beits-be-din-gun-gen
 []

[40]
Overfull \hbox (0.88661pt too wide) in paragraph at lines 480--481
\T1/lmr/m/n/12 Ein-fluss-fak-to-ren ab-hän-gig. Wie in den meis-ten Län-dern wur-den die Ver-hand-lun-gen
 []


Underfull \hbox (badness 1248) in paragraph at lines 480--481
\T1/lmr/m/n/12 der wich-tigs-ten The-men, ne-ben der Ar-beits-zeit, wa-ren die Ver-hand-lun-gen
 []


Underfull \hbox (badness 2799) in paragraph at lines 480--481
\T1/lmr/m/n/12 durch ei-ne kon-ser-va-ti-ve Hal-tung. Wenn bran-chen-über-grei-fen-de ge-setz-li-che
 []


Underfull \hbox (badness 1122) in paragraph at lines 480--481
\T1/lmr/m/n/12 ur-sprüng-lich aus dem Jah-re 1937, fan-den kaum Ar-beits-kämp-fe statt. Ein
 []


Underfull \hbox (badness 1215) in paragraph at lines 480--481
\T1/lmr/m/n/12 auf die Ar-beits-zeit-ver-kür-zung aus-ge-wirkt hat, ist schwie-rig zu sa-gen. Die
 []

[41]
Underfull \hbox (badness 1264) in paragraph at lines 485--486
\T1/lmr/m/n/12 für die Ana-ly-se der Da-ten be-schrie-ben. Im Fo-kus steht die Ana-ly-se der
 []

[42]
LaTeX Font Info:    Trying to load font information for T1+lmtt on input line 489.
(c:/Users/lukas/AppData/Roaming/TinyTeX/texmf-dist/tex/latex/lm/t1lmtt.fd
File: t1lmtt.fd 2015/05/01 v1.6.1 Font defs for Latin Modern
)
Underfull \hbox (badness 2617) in paragraph at lines 489--490
\T1/lmr/m/n/12 sind in RMark-down ge-schrie-ben und wer-den mit-hil-fe von \T1/lmtt/m/n/12 Bookdown \T1/lmr/m/n/12 zu
 []


Underfull \hbox (badness 1546) in paragraph at lines 489--490
\T1/lmr/m/n/12 ge-schrie-ben ([]R Co-re Team 2022[]). Ei-nes der Data-Cleaning-Scripts wur-de
 []


Underfull \hbox (badness 1584) in paragraph at lines 494--497
\T1/lmr/m/n/12 wa-ren. Es un-ter-schei-det sich so-mit von ei-nem Flug-blatt oder po-li-ti-schen
 []


Underfull \hbox (badness 2707) in paragraph at lines 494--497
\T1/lmr/m/n/12 Ei-ne di-gi-ta-li-sier-te Ver-si-on der Zeit-schrif-ten konn-te das Wirt-schafts-ar-chiv
 []

[43] [44] [45]
Underfull \hbox (badness 1960) in paragraph at lines 508--509
\T1/lmr/m/n/12 Die \T1/lmr/m/it/12 La-tent Di-rich-let Al-lo-ca-ti-on \T1/lmr/m/n/12 (LDA) ist ei-ne Textanalyse-Methode, die
 []

[46] [47]
Underfull \hbox (badness 1067) in paragraph at lines 513--514
[]\T1/lmr/m/n/12 Eine wei-te-re ver-wen-de-te Me-tho-de ist die Sentiment-Analyse mit-hil-fe ei-nes
 []

[48]
<_main_files/figure-latex/unnamed-chunk-6-1.pdf, id=754, 469.755pt x 325.215pt>
File: _main_files/figure-latex/unnamed-chunk-6-1.pdf Graphic file (type pdf)
<use _main_files/figure-latex/unnamed-chunk-6-1.pdf>
Package pdftex.def Info: _main_files/figure-latex/unnamed-chunk-6-1.pdf  used on input line 527.
(pdftex.def)             Requested size: 415.12747pt x 287.39594pt.

pdfTeX warning (ext4): destination with the same identifier (name{figure.1}) has been already used, duplicate ignored
<to be read again> 
                   \relax 
l.528 ...Sentiment Score der beiden Zeitschriften}
                                                  
Underfull \hbox (badness 1742) in paragraph at lines 531--532
\T1/lmr/m/n/12 schwank-te der Sco-re in ei-nem grös-se-ren Be-reich und blieb kaum sta-bil.
 []

[49]
<_main_files/figure-latex/unnamed-chunk-7-1.pdf, id=761, 469.755pt x 325.215pt>
File: _main_files/figure-latex/unnamed-chunk-7-1.pdf Graphic file (type pdf)
<use _main_files/figure-latex/unnamed-chunk-7-1.pdf>
Package pdftex.def Info: _main_files/figure-latex/unnamed-chunk-7-1.pdf  used on input line 535.
(pdftex.def)             Requested size: 415.12747pt x 287.39594pt.

pdfTeX warning (ext4): destination with the same identifier (name{figure.2}) has been already used, duplicate ignored
<to be read again> 
                   \relax 
l.536 ...ter Sentiment Score pro Jahr pro Verband}
                                                   [50 <./_main_files/figure-latex/unnamed-chunk-6-1.pdf>] [51 <./_main_files/figure-latex/unnamed-chunk-7-1.pdf>]
Underfull \hbox (badness 4193) in paragraph at lines 547--548
\T1/lmr/m/n/12 Für die \T1/lmr/m/it/12 Ge-werk-schaft-li-che Rund-schau \T1/lmr/m/n/12 wur-den neun ver-schie-de-ne To-pics
 []


Underfull \hbox (badness 2237) in paragraph at lines 547--548
\T1/lmr/m/n/12 vor-ge-ge-ben. Bei ei-ner grös-se-ren An-zahl To-pics gab es sol-che, die nicht
 []


Underfull \hbox (badness 1515) in paragraph at lines 547--548
\T1/lmr/m/n/12 der sonst dif-fe-ren-zier-ba-ren To-pics weg. Die An-zahl der To-pics wur-de in
 []


pdfTeX warning (ext4): destination with the same identifier (name{table.1}) has been already used, duplicate ignored
<to be read again> 
                   \relax 
l.551 ...on{\label{tab:unnamed-chunk-8}Topics SGB}
                                                   [52]
Underfull \hbox (badness 1377) in paragraph at lines 577--578
\T1/lmr/m/n/12 wahr-schein-lich die Be-stim-mun-gen zu Ju-gend-li-chen und Fe-ri-en be-spro-chen.
 []

[53]
<_main_files/figure-latex/unnamed-chunk-9-1.pdf, id=790, 469.755pt x 325.215pt>
File: _main_files/figure-latex/unnamed-chunk-9-1.pdf Graphic file (type pdf)
<use _main_files/figure-latex/unnamed-chunk-9-1.pdf>
Package pdftex.def Info: _main_files/figure-latex/unnamed-chunk-9-1.pdf  used on input line 585.
(pdftex.def)             Requested size: 415.12747pt x 287.39594pt.

Underfull \hbox (badness 1859) in paragraph at lines 591--594
\T1/lmr/m/n/12 Be-stim-mun-gen blieb bis Mit-te der 1940er-Jahre ziem-lich stark ver-tre-ten.
 []


Underfull \hbox (badness 1603) in paragraph at lines 591--594
\T1/lmr/m/n/12 Das Frauen-Topic war da mit Ab-stand das meist ver-tre-te-ne To-pic. Das
 []

[54] [55 <./_main_files/figure-latex/unnamed-chunk-9-1.pdf>]
pdfTeX warning (ext4): destination with the same identifier (name{table.2}) has been already used, duplicate ignored
<to be read again> 
                   \relax 
l.602 ...{\label{tab:unnamed-chunk-10}Topics ZSAO}
                                                  
Underfull \hbox (badness 1259) in paragraph at lines 624--625
\T1/lmr/m/n/12 ^^RArt``) der Un-ter-neh-men und Ge-werk-schaf-ten zu ge-hen. Das To-pic 8 im
 []


Underfull \hbox (badness 1509) in paragraph at lines 624--625
\T1/lmr/m/n/12 und den Be-stand des Ver-ban-des. Nebst der Be-richt-er-stat-tung über sei-ne
 []

[56]
Underfull \hbox (badness 3312) in paragraph at lines 626--627
\T1/lmr/m/n/12 und Mit-ar-bei-ten-den (^^RMit-ar-bei-ter``, ^^RBe-trieb``, ^^RVor-ge-setz-ten``, ^^RAr-bei-ter``,
 []


Underfull \hbox (badness 1248) in paragraph at lines 628--629
[]\T1/lmr/m/n/12 Im Kor-pus des ZSAO wa-ren Wör-ter, die quan-ti-fi-zie-ren, um ei-ni-ges öf-ter
 []

[57]
<_main_files/figure-latex/unnamed-chunk-11-1.pdf, id=815, 469.755pt x 325.215pt>
File: _main_files/figure-latex/unnamed-chunk-11-1.pdf Graphic file (type pdf)
<use _main_files/figure-latex/unnamed-chunk-11-1.pdf>
Package pdftex.def Info: _main_files/figure-latex/unnamed-chunk-11-1.pdf  used on input line 636.
(pdftex.def)             Requested size: 415.12747pt x 287.39594pt.
[58 <./_main_files/figure-latex/unnamed-chunk-11-1.pdf>]
Underfull \hbox (badness 3118) in paragraph at lines 642--643
\T1/lmr/m/n/12 des Ver-ban-des ka-men sel-ten vor. Der höchs-te An-teil des Streik-Topics
 []

[59] [60]
Underfull \hbox (badness 1546) in paragraph at lines 663--664
[]\T1/lmr/m/n/12 Die spe-zi-el-len Cha-rak-terei-gen-schaf-ten der Schwei-zer Ar-beits-zeit-ver-hand-lung
 []


Underfull \hbox (badness 1052) in paragraph at lines 663--664
\T1/lmr/m/n/12 wa-ren in den Re-sul-ta-ten nicht aus-ge-prägt er-kenn-bar. Die Wich-tig-keit der
 []


Underfull \hbox (badness 1082) in paragraph at lines 663--664
\T1/lmr/m/n/12 volks-wirt-schaft-li-chen Zah-len hin. Ob die-se wirk-lich für die Ar-gu-men-ta-ti-on
 []


Underfull \hbox (badness 1281) in paragraph at lines 663--664
\T1/lmr/m/n/12 ge-braucht wor-den sind oder ob die Sta-tis-ti-ken ^^Rrein`` in-for-ma-ti-ve Zwe-cke
 []

[61]
Underfull \hbox (badness 2426) in paragraph at lines 665--666
[]\T1/lmr/m/n/12 Die Ar-beits-mi-grant:innen wur-den im ZSAO-Korpus im To-pic 4 er-wähnt
 []


Underfull \hbox (badness 2538) in paragraph at lines 665--666
\T1/lmr/m/n/12 die The-se ei-ner Über-re-prä-sen-ta-ti-on des ^^RÜber-frem-dungs-dis-kur-ses`` in der
 []


Underfull \hbox (badness 2435) in paragraph at lines 669--670
\T1/lmr/m/n/12 Ar-beits-be-din-gun-gen. Auch wenn bei-de Ver-bän-de un-ter-schied-li-che The-men
 []

[62]
Underfull \hbox (badness 1005) in paragraph at lines 671--671
[][][]\T1/lmr/m/n/10 Dies ist ei-ne Ver-ein-fa-chung der gan-zen De-bat-te um die Ar-beits-zeit. Na-tür-lich gab
 []


Underfull \hbox (badness 1158) in paragraph at lines 671--672
\T1/lmr/m/n/12 Sicht der Ar-beit-neh-mer:innen wä-re es sinn-voll zu er-war-ten, dass sie ei-ne
 []

[63]
Underfull \hbox (badness 1990) in paragraph at lines 673--674
[]\T1/lmr/m/n/12 Eine letz-te Ge-mein-sam-keit der bei-den Kor-po-ra war die Er-wäh-nung von
 []

[64] [65]
Underfull \hbox (badness 1112) in paragraph at lines 682--683
\T1/lmr/m/n/12 für die un-ter-schied-li-chen To-pics oder die Sentiment-Scores zu for-mu-lie-ren,
 []


Underfull \hbox (badness 1057) in paragraph at lines 682--683
\T1/lmr/m/n/12 im zwei-ten Teil be-spro-chen wur-den, sind zen-tral für das Ver-ständ-nis der
 []

[66]
Underfull \hbox (badness 1418) in paragraph at lines 684--685
[]\T1/lmr/m/n/12 Neben den all-ge-mei-nen Pro-ble-men der Ver-fah-ren gab es auch spe-zi-fi-sche
 []

[67]
Underfull \hbox (badness 4739) in paragraph at lines 691--692
\T1/lmr/m/n/12 Das Ver-hält-nis zwi-schen Lohn-ar-beit und Ge-sell-schaft hat sich in der
 []


Underfull \hbox (badness 4156) in paragraph at lines 693--694
[]\T1/lmr/m/n/12 In die-ser Mas-ter-ar-beit wur-de die letz-te gros-se Ar-beits-zeit-dis-kus-si-on in
 []


Underfull \hbox (badness 10000) in paragraph at lines 693--694
\T1/lmr/m/n/12 der Schweiz be-han-delt. Aus-schlag-ge-bend war die Ver-ab-schie-dung des
 []


Underfull \hbox (badness 1824) in paragraph at lines 693--694
\T1/lmr/m/n/12 Ar-beits-ge-set-zes von 1964, in dem die Nor-ma-l-ar-beits-zeit auf 46 bzw. 50
 []


Underfull \hbox (badness 2753) in paragraph at lines 693--694
\T1/lmr/m/n/12 Stun-den fest-ge-legt wor-den war. Da-für wur-den die Mit-glie-der-zeit-schrif-ten
 []


Underfull \hbox (badness 1629) in paragraph at lines 693--694
\T1/lmr/m/n/12 der Ar-beits-zeit be-tei-ligt wa-ren, ana-ly-siert. Auf der einen Sei-te war dies
 []


Underfull \hbox (badness 1622) in paragraph at lines 693--694
\T1/lmr/m/n/12 der Schwei-ze-ri-sche Ge-werk-schafts-bund, auf der an-de-ren Sei-te war es der
 []

[68]
Overfull \hbox (18.14526pt too wide) in paragraph at lines 695--696
[]\T1/lmr/m/n/12 Aus den Re-sul-ta-ten wird er-sicht-lich, dass die Er-geb-nis-se bis-he-ri-ger For-schungs-ar-bei-ten
 []


Underfull \hbox (badness 2961) in paragraph at lines 695--696
\T1/lmr/m/n/12 wich-tigs-ten Ein-fluss-fak-to-ren auf die Ar-beits-zeit-dis-kus-si-on wur-den in den
 []


Underfull \hbox (badness 1642) in paragraph at lines 695--696
\T1/lmr/m/n/12 sich von die-sen The-men, der grund-sätz-li-che kon-ser-va-ti-ve Cha-rak-ter kann
 []

[69]
Overfull \hbox (15.568pt too wide) in paragraph at lines 697--698
[]\T1/lmr/m/n/12 Aus me-tho-do-lo-gi-scher Sicht kann die Wich-tig-keit von Theo-rie bei com-pu-ter-ge-stütz-ten
 []


Underfull \hbox (badness 2698) in paragraph at lines 697--698
\T1/lmr/m/n/12 Ana-ly-sen ein wei-te-res Mal un-ter-stri-chen wer-den. Das Wis-sen über den
 []


Underfull \hbox (badness 2970) in paragraph at lines 697--698
\T1/lmr/m/n/12 For-schungs-ge-gen-stand und das em-pi-ri-sche Ma-te-ri-al bil-det die Grund-la-ge
 []


Underfull \hbox (badness 1122) in paragraph at lines 697--698
\T1/lmr/m/n/12 es nicht mög-lich, aus dem Ma-te-ri-al so-zio-lo-gisch sinn-vol-le Er-kennt-nis-se zu
 []


Underfull \hbox (badness 2042) in paragraph at lines 699--700
\T1/lmr/m/n/12 ge-setz-li-chen Fest-le-gung der Ar-beits-zeit lässt dar-auf schlies-sen, dass auch
 []

[70]
Underfull \hbox (badness 3657) in paragraph at lines 706--708
\T1/lmr/m/n/12 Arendt, Han-nah. 1960. \T1/lmr/m/it/12 Vi-ta ac-ti-va oder vom tä-ti-gen Le-ben\T1/lmr/m/n/12 . Stutt-gart:
 []


Underfull \hbox (badness 1681) in paragraph at lines 709--711
\T1/lmr/m/n/12 2020. \T1/lmr/m/it/12 We-ni-ger ist Mehr - Der drei-fa-che Ge-winn ei-ner Re-duk-ti-on der
 []


Underfull \hbox (badness 2205) in paragraph at lines 721--723
[]\T1/lmr/m/n/12 Binkley, Da-vid, Da-niel Heinz, Dawn La-wrie, und Jus-tin Over-felt. 2014.
 []


Underfull \hbox (badness 1881) in paragraph at lines 721--723
\T1/lmr/m/it/12 in-ter-na-tio-nal con-fe-rence on pro-gram com-pre-hen-si-on\T1/lmr/m/n/12 , 26--36. New York:
 []


Underfull \hbox (badness 6396) in paragraph at lines 727--729
[]\T1/lmr/m/n/12 Bosch, Ger-hard. 1986. Hat das Nor-ma-l-ar-beits-ver-hält-nis ei-ne Zu-kunft?
 []

[71]
Underfull \hbox (badness 3679) in paragraph at lines 745--747
\T1/lmr/m/it/12 Von der Aus-wei-tung be-trieb-li-cher Da-ten-er-fas-sung zum al-go-rith-mi-schen
 []


Underfull \hbox (badness 1688) in paragraph at lines 748--750
[]\T1/lmr/m/n/12 D'Agostino Mc-Go-wan, Lu-cy. 2018. One ye-ar to dis-ser-ta-te. \T1/lmr/m/it/12 Li-ve Free or
 []


Underfull \hbox (badness 1406) in paragraph at lines 754--756
[]\T1/lmr/m/n/12 Espeland, Wen-dy Nel-son, und Mit-chell L. Ste-vens. 2008. A so-cio-lo-gy of
 []


Overfull \hbox (3.7152pt too wide) in paragraph at lines 757--759
[]\T1/lmr/m/n/12 Falk, Fran-ces-ca. 2019. Wir brau-chen ei-ne Mi-gran-ti-sie-rung der Ge-schichts-schrei-bung
 []


Underfull \hbox (badness 1502) in paragraph at lines 757--759
\T1/lmr/m/n/12 und ei-ne Mo-bi-li-täts-kri-tik. \T1/lmr/m/it/12 Schwei-ze-ri-sche Zeit-schrift für Ge-schich-te \T1/lmr/m/n/12 69:
 []


Underfull \hbox (badness 4353) in paragraph at lines 760--762
[]\T1/lmr/m/n/12 Flecker, Jörg, An-ni-ka Schö-nau-er, und Tho-mas Riesenecker-Caba. 2016.
 []


Overfull \hbox (20.33324pt too wide) in paragraph at lines 766--768
[]\T1/lmr/m/n/12 Gallati, Re-na-tus. 1976. \T1/lmr/m/it/12 Der Ar-beits-frie-de in der Schweiz und sei-ne wohl-stands-po-li-ti-sche
 []

[72]
Underfull \hbox (badness 2735) in paragraph at lines 769--771
[]\T1/lmr/m/n/12 Garnadt, Ni-klas, Mo-ni-ka Schnit-zer, und Stef-fen Vie-te. 2020. []Räum-li-che
 []


Underfull \hbox (badness 4048) in paragraph at lines 775--777
\T1/lmr/m/n/12 Re-pro-du-ci-ble re-se-arch is li-ke ri-ding a bi-ke. \T1/lmr/m/it/12 PeerJ Pre-prints []$\T1/lmr/m/n/12 https :
 []


Overfull \hbox (6.87854pt too wide) in paragraph at lines 787--789
[]\T1/lmr/m/n/12 Hardmeier, Ben-no. 1970. \T1/lmr/m/it/12 Aus der Ge-schich-te der Schwei-ze-ri-schen Ar-bei-ter-be-we-gung\T1/lmr/m/n/12 .
 []


Overfull \hbox (5.9173pt too wide) in paragraph at lines 793--795
[]\T1/lmr/m/n/12 Hoebel, Tho-mas. 2012. []Po-li-ti-sche Or-ga-ni-sa-tio-nen[]. In \T1/lmr/m/it/12 Hand-buch Or-ga-ni-sa-ti-ons-ty-pen\T1/lmr/m/n/12 ,
 []


Overfull \hbox (27.67744pt too wide) in paragraph at lines 796--798
[]\T1/lmr/m/n/12 Holst, Ha-jo, An-dre-as Aust, und Su-san-ne Per-nicka. 2008. []Kol-lek-ti-ve In-ter-es-sen-ver-tre-tung
 []

[73]
Overfull \hbox (19.49391pt too wide) in paragraph at lines 799--801
[]\T1/lmr/m/n/12 Horch, Heinz-Dieter. 1985. Per-so-na-li-sie-rung und Am-bi-va-lenz - Struk-tur-be-son-der-hei-ten
 []


Overfull \hbox (9.27252pt too wide) in paragraph at lines 799--801
\T1/lmr/m/n/12 frei-wil-li-ger Ver-ei-ni-gun-gen. \T1/lmr/m/it/12 Köl-ner Zeit-schrift für So-zio-lo-gie und So-zi-al-psy-cho-lo-gie
 []


Overfull \hbox (10.82805pt too wide) in paragraph at lines 805--807
\T1/lmr/m/n/12 and lock-outs by eco-no-mic ac-ti-vi-ty. \T1/lmr/m/it/12 https://ilostat.ilo.org/topics/work-stoppages/\T1/lmr/m/n/12 . 
 []


Overfull \hbox (53.71552pt too wide) in paragraph at lines 808--810
\T1/lmr/m/n/12 lock-outs by eco-no-mic ac-ti-vi-ty (thou-sands). \T1/lmr/m/it/12 https://ilostat.ilo.org/topics/work-stoppages/\T1/lmr/m/n/12 . 
 []


Overfull \hbox (49.45451pt too wide) in paragraph at lines 814--816
[]\T1/lmr/m/n/12 Kaufmann, Pe-ter. 1960. \T1/lmr/m/it/12 Vier-zig-stun-den-wo-che in der Schweiz?: Ein anschaulich-theoretischer
 []


Underfull \hbox (badness 10000) in paragraph at lines 820--822
[]\T1/lmr/m/n/12 Knowles, Thea. 2019. Dis-ser-ta-ting with RMark-down and Book-down.
 []

[74]
Underfull \hbox (badness 5403) in paragraph at lines 847--849
[]\T1/lmr/m/n/12 Müller, Ro-land. 2017. Was ist Ar-beits-zeit? \T1/lmr/m/it/12 Zeit-schrift des Ber-ni-schen
 []


Underfull \hbox (badness 1067) in paragraph at lines 856--858
\T1/lmr/m/n/12 and sym-bo-lic di-men-si-ons[]. In \T1/lmr/m/it/12 Swit-zer-land and mi-gra-ti-on: His-to-ri-cal and
 []

[75]
Underfull \hbox (badness 2799) in paragraph at lines 874--876
[]\T1/lmr/m/n/12 Riedo, René. 1976. \T1/lmr/m/it/12 Das Pro-blem der aus-län-di-schen Ar-beits-kräf-te in der
 []


Overfull \hbox (7.09541pt too wide) in paragraph at lines 880--882
[]\T1/lmr/m/n/12 Rieger, Jo-nas, lkop-pers, Ken-neth Be-noit, und ka-rin-boc-zek. 2020. []Docma-TU/Tosca:
 []


Underfull \hbox (badness 3769) in paragraph at lines 895--897
\T1/lmr/m/n/12 in zeit-his-to-ri-scher Per-spek-ti-ve. \T1/lmr/m/it/12 Vier-tel-jahrs-hef-te für Zeit-ge-schich-te \T1/lmr/m/n/12 55:
 []


Underfull \hbox (badness 1237) in paragraph at lines 898--900
[]\T1/lmr/m/n/12 Schimank, Uwe. 2002. Or-ga-ni-sa-tio-nen: Ak-teur-kon-stel-la-tio-nen - Kor-po-ra-ti-ve
 []


Underfull \hbox (badness 1845) in paragraph at lines 904--906
\T1/lmr/m/n/12 in der Mi-gra-ti-ons-ge-schich-te der Schweiz. \T1/lmr/m/it/12 Schwei-ze-ri-sche Zeit-schrift für
 []

[76]
Underfull \hbox (badness 2173) in paragraph at lines 913--915
\T1/lmr/m/n/12 Ge-werk-schaf-ten und so-zia-le Un-gleich-heit seit den 1970er Jah-ren: Ein
 []

[77]
Underfull \hbox (badness 1308) in paragraph at lines 940--942
\T1/lmr/m/it/12 En-ga-ge-ment: Quo va-dis?\T1/lmr/m/n/12 , Hrsg. An-net-te E. Zim-mer und Ruth Sim-sa,
 []

[78] [79] [80] [81] [82] [83] [84]
Underfull \hbox (badness 1789) in paragraph at lines 1157--1158
\T1/lmr/m/n/12 In die-sem An-hang be-fin-det sich ein For-schungs-me-mo, das wäh-rend dem
 []

[85]
Overfull \hbox (19.73944pt too wide) in paragraph at lines 1209--1211
[]\T1/lmr/m/n/12 1770 In-for-ma-ti-on Han-dels-kam-mer, Hoch-kon-junk-tur kei-ne Ar-beits-zeit-ver-kür-zung 
 []

[86]
Underfull \hbox (badness 2856) in paragraph at lines 1233--1235
[]\T1/lmr/m/n/12 377 Ana-ly-se Stoff-bran-chen, Ar-beits-frie-de, Kom-pro-miss zu mög-li-cher
 []


Underfull \hbox (badness 6708) in paragraph at lines 1257--1259
[]\T1/lmr/m/n/12 690 Wich-tig-keit von Ar-beit-neh-mer:innen Or-ga-ni-sa-ti-on für bes-se-re
 []

[87]
Overfull \hbox (19.0873pt too wide) in paragraph at lines 1261--1263
[]\T1/lmr/m/n/12 867 In-for-ma-ti-on zu Kom-pro-miss von Ar-beit-ge-ber:innen und Ar-beit-neh-mer:innen
 []


Underfull \hbox (badness 10000) in paragraph at lines 1271--1273
[]\T1/lmr/m/n/12 845 Ju-gend-li-che und Ar-beit-neh-mer:innen, In-for-ma-ti-on zu ei-nem
 []


Overfull \hbox (22.04874pt too wide) in paragraph at lines 1294--1296
[]\T1/lmr/m/n/12 846 Ana-ly-se Ge-ne-ral-streik, Di-stan-zie-rung von kom-mu-nis-ti-schen Be-schul-di-gun-gen 
 []


Overfull \hbox (12.55287pt too wide) in paragraph at lines 1306--1308
[]\T1/lmr/m/n/12 726 Ana-ly-se USA, For-de-run-gen nach Lohn-er-hö-hung und Ar-beits-zeit-ver-kür-zung 
 []


Underfull \hbox (badness 5050) in paragraph at lines 1312--1314
[]\T1/lmr/m/n/12 241 Ana-ly-se po-li-ti-sche/ökonimische La-ge, Aus-blick (und Be-to-nung
 []

[88]
Overfull \hbox (8.282pt too wide) in paragraph at lines 1340--1342
\T1/lmr/m/n/12 In ei-ner schlech-ten Pha-se wird die Ar-beits-zeit-ver-kür-zung von Ar-beit-ge-ber:innenseite
 []


Underfull \hbox (badness 2181) in paragraph at lines 1340--1342
\T1/lmr/m/n/12 Auf-la-ge wahr-ge-nom-men, die das Wachs-tum der Un-ter-neh-men ver-hin-dert.
 []


Underfull \hbox (badness 3861) in paragraph at lines 1340--1342
\T1/lmr/m/n/12 Es be-steht ei-ne ho-he Nach-fra-ge und die Ar-beits-stun-den rei-chen nicht
 []


Underfull \hbox (badness 1648) in paragraph at lines 1340--1342
\T1/lmr/m/n/12 aus. Ei-ne Ar-beits-zeit-ver-kür-zung wür-de dar-um noch stär-ker scha-den. Aus
 []


Underfull \hbox (badness 1694) in paragraph at lines 1340--1342
\T1/lmr/m/n/12 Ar-beit-neh-mer:innensicht scheint die Ar-beits-zeit-ver-kür-zung ei-ne ideo-lo-gi-sche
 []

[89] [90] (./_main.aux)

LaTeX Warning: There were multiply-defined labels.

Package rerunfilecheck Info: File `_main.out' has not changed.
(rerunfilecheck)             Checksum: 724F4372063D096DC88CE4AAEAD64A2D;6443.
 ) 
Here is how much of TeX's memory you used:
 14445 strings out of 479608
 235679 string characters out of 5875392
 576250 words of memory out of 5000000
 32404 multiletter control sequences out of 15000+600000
 539156 words of font info for 77 fonts, out of 8000000 for 9000
 14 hyphenation exceptions out of 8191
 72i,11n,77p,4641b,612s stack positions out of 10000i,1000n,20000p,200000b,200000s
{c:/Users/lukas/AppData/Roaming/TinyTeX/texmf-dist/fonts/enc/dvips/lm/lm-ec.enc}{c:/Users/lukas/AppData/Roaming/TinyTeX/texmf-dist/fonts/enc/dvips/lm/lm-ts1.enc}{c:/Users/lukas/AppData/Roaming/TinyTeX/texmf-dist/fonts/enc/dvips/lm/lm-mathsy.enc}{c:/Users/lukas/AppData/Roaming/TinyTeX/texmf-dist/fonts/enc/dvips/lm/lm-rm.enc}{c:/Users/lukas/AppData/Roaming/TinyTeX/texmf-dist/fonts/enc/dvips/lm/lm-mathit.enc}<c:/Users/lukas/AppData/Roaming/TinyTeX/texmf-dist/fonts/type1/public/lm/lmbx12.pfb><c:/Users/lukas/AppData/Roaming/TinyTeX/texmf-dist/fonts/type1/public/lm/lmmi12.pfb><c:/Users/lukas/AppData/Roaming/TinyTeX/texmf-dist/fonts/type1/public/lm/lmr10.pfb><c:/Users/lukas/AppData/Roaming/TinyTeX/texmf-dist/fonts/type1/public/lm/lmr12.pfb><c:/Users/lukas/AppData/Roaming/TinyTeX/texmf-dist/fonts/type1/public/lm/lmr7.pfb><c:/Users/lukas/AppData/Roaming/TinyTeX/texmf-dist/fonts/type1/public/lm/lmr8.pfb><c:/Users/lukas/AppData/Roaming/TinyTeX/texmf-dist/fonts/type1/public/lm/lmri10.pfb><c:/Users/lukas/AppData/Roaming/TinyTeX/texmf-dist/fonts/type1/public/lm/lmri12.pfb><c:/Users/lukas/AppData/Roaming/TinyTeX/texmf-dist/fonts/type1/public/lm/lmsy10.pfb><c:/Users/lukas/AppData/Roaming/TinyTeX/texmf-dist/fonts/type1/public/lm/lmtt12.pfb>
Output written on _main.pdf (90 pages, 491136 bytes).
PDF statistics:
 1175 PDF objects out of 1200 (max. 8388607)
 1037 compressed objects within 11 object streams
 281 named destinations out of 1000 (max. 500000)
 348 words of extra memory for PDF output out of 10000 (max. 10000000)

